TN:
SF:/home/orel-shalem/Downloads/Git_Projects/Operating_System_ex2/targil 3/mync.c
FN:111,173,run_server_and_client
FN:16,20,error
FN:174,231,run_server
FN:22,58,run_program
FN:235,298,main
FN:61,109,handle_client
FNDA:4,run_server_and_client
FNDA:7,error
FNDA:5,run_server
FNDA:3,run_program
FNDA:13,main
FNDA:6,handle_client
FNF:6
FNH:6
DA:16,7
DA:18,7
DA:19,7
DA:22,3
DA:24,3
DA:26,3
DA:27,0
DA:28,0
DA:33,3
DA:34,3
DA:37,9
DA:38,6
DA:39,6
DA:40,3
DA:43,3
DA:46,3
DA:47,3
DA:48,0
DA:49,0
DA:50,3
DA:51,0
DA:52,0
DA:53,0
DA:56,3
DA:58,3
DA:61,6
DA:62,6
DA:63,6
DA:65,6
DA:66,4
DA:68,6
DA:69,2
DA:71,6
DA:72,2
DA:73,2
DA:76,6
DA:77,6
DA:78,6
DA:79,6
DA:80,6
DA:81,6
DA:84,6
DA:85,6
DA:86,3
DA:87,3
DA:89,3
DA:90,2
DA:92,3
DA:93,3
DA:95,3
DA:96,3
DA:97,3
DA:99,3
DA:100,3
DA:101,3
DA:103,0
DA:106,0
DA:108,0
DA:111,4
DA:112,4
DA:113,4
DA:114,0
DA:117,4
DA:118,4
DA:119,0
DA:123,4
DA:124,4
DA:125,4
DA:126,4
DA:128,4
DA:129,0
DA:132,4
DA:133,0
DA:136,4
DA:138,4
DA:139,4
DA:140,0
DA:144,4
DA:145,4
DA:146,4
DA:148,4
DA:149,4
DA:150,0
DA:153,4
DA:155,4
DA:156,2
DA:158,2
DA:160,2
DA:161,2
DA:162,2
DA:163,0
DA:166,2
DA:168,2
DA:170,1
DA:171,1
DA:172,1
DA:173,1
DA:174,5
DA:175,5
DA:176,5
DA:177,0
DA:180,5
DA:181,5
DA:182,0
DA:186,5
DA:187,5
DA:188,5
DA:189,5
DA:191,5
DA:192,1
DA:195,4
DA:196,0
DA:199,4
DA:201,0
DA:203,4
DA:204,4
DA:205,4
DA:206,0
DA:209,4
DA:211,4
DA:213,2
DA:214,2
DA:215,2
DA:216,2
DA:217,0
DA:218,0
DA:220,0
DA:223,0
DA:225,0
DA:226,0
DA:230,2
DA:231,2
DA:235,13
DA:237,13
DA:238,13
DA:239,13
DA:240,13
DA:241,13
DA:244,13
DA:245,0
DA:248,44
DA:249,32
DA:250,13
DA:251,13
DA:252,13
DA:253,10
DA:254,10
DA:255,10
DA:256,10
DA:258,10
DA:259,6
DA:260,6
DA:261,6
DA:262,2
DA:263,2
DA:264,2
DA:265,2
DA:267,2
DA:268,1
DA:269,1
DA:273,12
DA:274,0
DA:277,12
DA:278,0
DA:281,13
DA:282,6
DA:283,6
DA:284,6
DA:285,6
DA:286,2
DA:288,4
DA:289,4
DA:290,6
DA:291,5
DA:292,5
DA:294,1
DA:297,3
LF:177
LH:146
end_of_record
TN:
SF:/home/orel-shalem/Downloads/Git_Projects/Operating_System_ex2/targil 3/ttt.c
FN:101,116,check_win
FN:118,130,check_tie
FN:132,194,make_move
FN:196,308,main
FN:69,74,is_cell_available
FN:76,99,print_board
FNDA:36,check_win
FNDA:30,check_tie
FNDA:18,make_move
FNDA:6,main
FNDA:18,is_cell_available
FNDA:42,print_board
FNF:6
FNH:6
DA:69,18
DA:71,18
DA:72,18
DA:73,18
DA:76,42
DA:78,42
DA:79,42
DA:81,168
DA:83,504
DA:85,378
DA:86,378
DA:87,378
DA:88,252
DA:89,378
DA:91,126
DA:92,126
DA:93,126
DA:94,84
DA:95,126
DA:97,42
DA:98,42
DA:99,42
DA:101,36
DA:104,132
DA:106,102
DA:107,0
DA:108,102
DA:109,6
DA:111,30
DA:112,0
DA:113,30
DA:114,0
DA:115,30
DA:118,30
DA:121,48
DA:123,132
DA:125,114
DA:126,30
DA:129,0
DA:132,18
DA:134,18
DA:135,18
DA:136,72
DA:138,216
DA:140,162
DA:142,126
DA:147,18
DA:149,48
DA:151,48
DA:152,48
DA:154,18
DA:155,18
DA:160,18
DA:162,0
DA:163,0
DA:165,0
DA:167,0
DA:168,0
DA:172,0
DA:179,0
DA:183,18
DA:186,18
DA:187,18
DA:188,18
DA:190,18
DA:193,0
DA:196,6
DA:198,6
DA:200,0
DA:201,0
DA:205,6
DA:207,6
DA:208,6
DA:210,0
DA:211,0
DA:214,6
DA:215,60
DA:217,54
DA:218,54
DA:220,0
DA:221,0
DA:223,54
DA:226,60
DA:228,54
DA:230,0
DA:231,0
DA:233,0
DA:237,6
DA:238,6
DA:239,6
DA:241,6
DA:244,12
DA:245,18
DA:247,0
DA:248,0
DA:250,6
DA:252,18
DA:253,18
DA:255,0
DA:256,0
DA:258,0
DA:261,18
DA:263,0
DA:264,0
DA:266,0
DA:273,18
DA:274,18
DA:276,0
DA:277,0
DA:279,18
DA:281,0
DA:282,0
DA:286,18
DA:290,18
DA:292,18
DA:294,18
DA:296,6
DA:297,6
DA:298,6
DA:300,12
DA:302,0
DA:303,0
DA:304,0
LF:123
LH:87
end_of_record
