TN:
SF:/home/orel-shalem/Downloads/Git_Projects/Operating_System_ex2/targil 6/mync.c
FN:113,202,handle_client
FN:19,23,error
FN:204,275,run_server_and_client
FN:25,70,run_program
FN:277,349,run_udp_server_tcp_client
FN:350,420,run_server
FN:422,456,run_client
FN:457,511,run_udp_server
FN:513,544,run_udp_client
FN:546,616,run_uds_server
FN:618,651,run_uds_client
FN:653,754,run_uds_server_client
FN:73,81,receive_message
FN:755,933,main
FN:84,90,send_message
FN:92,111,handle_chat
FNDA:12,handle_client
FNDA:13,error
FNDA:2,run_server_and_client
FNDA:22,run_program
FNDA:0,run_udp_server_tcp_client
FNDA:2,run_server
FNDA:0,run_client
FNDA:0,run_udp_server
FNDA:0,run_udp_client
FNDA:0,run_uds_server
FNDA:9,run_uds_client
FNDA:8,run_uds_server_client
FNDA:0,receive_message
FNDA:26,main
FNDA:0,send_message
FNDA:0,handle_chat
FNF:16
FNH:8
DA:19,13
DA:21,13
DA:22,13
DA:25,22
DA:28,22
DA:30,22
DA:32,0
DA:33,0
DA:38,22
DA:39,22
DA:42,65
DA:44,43
DA:45,43
DA:47,21
DA:50,22
DA:53,22
DA:54,47
DA:56,0
DA:57,0
DA:59,47
DA:61,25
DA:62,25
DA:63,0
DA:68,22
DA:70,22
DA:73,0
DA:75,0
DA:76,0
DA:78,0
DA:80,0
DA:81,0
DA:84,0
DA:86,0
DA:88,0
DA:90,0
DA:92,0
DA:99,0
DA:100,0
DA:102,0
DA:104,0
DA:105,0
DA:107,0
DA:108,0
DA:109,0
DA:111,0
DA:113,12
DA:115,12
DA:116,12
DA:118,12
DA:120,7
DA:122,3
DA:126,4
DA:129,12
DA:131,7
DA:133,5
DA:137,2
DA:140,12
DA:142,3
DA:144,0
DA:145,0
DA:149,3
DA:150,3
DA:154,12
DA:156,12
DA:157,12
DA:158,12
DA:159,12
DA:160,12
DA:162,12
DA:163,33
DA:165,21
DA:167,17
DA:169,21
DA:171,15
DA:173,21
DA:174,21
DA:175,21
DA:177,12
DA:180,12
DA:181,12
DA:183,12
DA:187,0
DA:192,0
DA:198,0
DA:201,0
DA:204,2
DA:206,2
DA:207,2
DA:209,0
DA:212,2
DA:213,2
DA:215,0
DA:219,2
DA:220,2
DA:221,2
DA:222,2
DA:224,2
DA:226,0
DA:229,2
DA:231,0
DA:234,2
DA:236,2
DA:237,2
DA:239,0
DA:243,2
DA:244,2
DA:245,2
DA:247,2
DA:248,2
DA:250,0
DA:253,2
DA:255,2
DA:257,1
DA:259,1
DA:261,1
DA:262,1
DA:263,1
DA:265,0
DA:268,1
DA:270,1
DA:272,1
DA:273,1
DA:274,1
DA:275,1
DA:277,0
DA:279,0
DA:280,0
DA:282,0
DA:285,0
DA:286,0
DA:288,0
DA:292,0
DA:293,0
DA:294,0
DA:295,0
DA:297,0
DA:299,0
DA:302,0
DA:304,0
DA:305,0
DA:307,0
DA:311,0
DA:312,0
DA:313,0
DA:315,0
DA:316,0
DA:318,0
DA:321,0
DA:323,0
DA:325,0
DA:328,0
DA:332,0
DA:335,0
DA:336,0
DA:338,0
DA:339,0
DA:341,0
DA:344,0
DA:350,2
DA:352,2
DA:353,2
DA:355,0
DA:358,2
DA:359,2
DA:361,0
DA:365,2
DA:366,2
DA:367,2
DA:368,2
DA:370,2
DA:372,0
DA:375,2
DA:377,0
DA:380,2
DA:383,0
DA:385,2
DA:386,2
DA:387,2
DA:389,0
DA:392,2
DA:394,2
DA:396,2
DA:398,2
DA:399,2
DA:400,2
DA:402,0
DA:404,0
DA:408,0
DA:411,0
DA:413,0
DA:415,0
DA:419,2
DA:420,2
DA:422,0
DA:424,0
DA:425,0
DA:427,0
DA:430,0
DA:431,0
DA:433,0
DA:437,0
DA:438,0
DA:439,0
DA:441,0
DA:443,0
DA:446,0
DA:448,0
DA:451,0
DA:453,0
DA:455,0
DA:456,0
DA:457,0
DA:459,0
DA:460,0
DA:462,0
DA:465,0
DA:466,0
DA:468,0
DA:472,0
DA:473,0
DA:474,0
DA:475,0
DA:477,0
DA:479,0
DA:482,0
DA:486,0
DA:489,0
DA:490,0
DA:492,0
DA:493,0
DA:495,0
DA:497,0
DA:501,0
DA:505,0
DA:506,0
DA:507,0
DA:510,0
DA:511,0
DA:513,0
DA:515,0
DA:516,0
DA:518,0
DA:521,0
DA:522,0
DA:524,0
DA:528,0
DA:529,0
DA:530,0
DA:532,0
DA:534,0
DA:537,0
DA:539,0
DA:540,0
DA:541,0
DA:543,0
DA:544,0
DA:546,0
DA:551,0
DA:553,0
DA:557,0
DA:560,0
DA:562,0
DA:565,0
DA:566,0
DA:567,0
DA:570,0
DA:572,0
DA:574,0
DA:577,0
DA:579,0
DA:581,0
DA:585,0
DA:588,0
DA:591,0
DA:593,0
DA:595,0
DA:599,0
DA:600,0
DA:602,0
DA:606,0
DA:608,0
DA:610,0
DA:618,9
DA:623,9
DA:625,4
DA:629,5
DA:632,9
DA:634,0
DA:637,9
DA:638,9
DA:639,9
DA:641,9
DA:643,4
DA:646,5
DA:648,5
DA:650,5
DA:651,5
DA:653,8
DA:657,8
DA:660,8
DA:662,2
DA:664,8
DA:666,1
DA:670,8
DA:672,2
DA:676,6
DA:678,8
DA:680,0
DA:683,8
DA:684,8
DA:685,8
DA:688,8
DA:690,8
DA:692,0
DA:695,8
DA:697,6
DA:699,0
DA:703,8
DA:706,8
DA:708,1
DA:712,7
DA:714,8
DA:716,0
DA:719,8
DA:720,8
DA:721,8
DA:725,8
DA:727,4
DA:731,4
DA:735,4
DA:737,2
DA:738,2
DA:740,0
DA:745,2
DA:748,4
DA:750,4
DA:751,4
DA:752,4
DA:753,4
DA:754,4
DA:755,26
DA:758,26
DA:759,26
DA:760,26
DA:761,26
DA:762,26
DA:763,26
DA:764,26
DA:765,26
DA:766,26
DA:767,26
DA:769,85
DA:771,59
DA:773,25
DA:774,25
DA:775,25
DA:776,12
DA:777,12
DA:778,12
DA:780,3
DA:782,9
DA:784,0
DA:786,9
DA:788,2
DA:789,2
DA:791,7
DA:793,5
DA:794,5
DA:796,2
DA:798,2
DA:799,2
DA:801,12
DA:802,16
DA:803,16
DA:804,16
DA:806,5
DA:807,5
DA:809,11
DA:811,7
DA:812,7
DA:815,4
DA:817,1
DA:818,1
DA:820,3
DA:822,0
DA:824,16
DA:825,6
DA:826,6
DA:827,6
DA:829,1
DA:831,5
DA:833,0
DA:834,0
DA:836,5
DA:838,3
DA:839,3
DA:841,6
DA:842,0
DA:843,0
DA:844,0
DA:845,0
DA:846,0
DA:855,26
DA:856,1
DA:857,2
DA:858,2
DA:859,2
DA:860,2
DA:862,0
DA:864,2
DA:865,2
DA:867,24
DA:868,0
DA:869,0
DA:870,0
DA:871,0
DA:872,0
DA:874,0
DA:876,0
DA:877,0
DA:879,24
DA:881,2
DA:882,2
DA:884,22
DA:886,0
DA:887,0
DA:889,22
DA:891,8
DA:893,14
DA:895,0
DA:897,14
DA:899,9
DA:901,5
DA:902,0
DA:903,0
DA:904,0
DA:905,0
DA:907,0
DA:909,0
DA:910,0
DA:911,0
DA:912,0
DA:914,5
DA:915,0
DA:916,0
DA:917,0
DA:918,0
DA:920,0
DA:922,0
DA:923,0
DA:924,0
DA:925,0
DA:929,5
DA:932,13
LF:454
LH:236
end_of_record
TN:
SF:/home/orel-shalem/Downloads/Git_Projects/Operating_System_ex2/targil 6/ttt.c
FN:101,116,check_win
FN:118,130,check_tie
FN:132,194,make_move
FN:196,308,main
FN:69,74,is_cell_available
FN:76,99,print_board
FNDA:245,check_win
FNDA:205,check_tie
FNDA:127,make_move
FNDA:47,main
FNDA:121,is_cell_available
FNDA:286,print_board
FNF:6
FNH:6
DA:69,121
DA:71,121
DA:72,121
DA:73,121
DA:76,286
DA:78,286
DA:79,286
DA:81,1144
DA:83,3432
DA:85,2574
DA:86,2574
DA:87,2574
DA:88,1716
DA:89,2574
DA:91,858
DA:92,858
DA:93,858
DA:94,572
DA:95,858
DA:97,286
DA:98,286
DA:99,286
DA:101,245
DA:104,895
DA:106,689
DA:107,6
DA:108,683
DA:109,33
DA:111,206
DA:112,0
DA:113,206
DA:114,1
DA:115,205
DA:118,205
DA:121,322
DA:123,888
DA:125,771
DA:126,204
DA:129,1
DA:132,127
DA:134,127
DA:135,127
DA:136,508
DA:138,1524
DA:140,1143
DA:142,871
DA:147,127
DA:149,345
DA:151,345
DA:152,345
DA:154,127
DA:155,127
DA:160,127
DA:162,0
DA:163,0
DA:165,0
DA:167,0
DA:168,0
DA:172,0
DA:179,0
DA:183,127
DA:186,127
DA:187,127
DA:188,127
DA:190,127
DA:193,0
DA:196,47
DA:198,47
DA:200,1
DA:201,1
DA:205,46
DA:207,46
DA:208,46
DA:210,2
DA:211,2
DA:214,44
DA:215,439
DA:217,396
DA:218,396
DA:220,1
DA:221,1
DA:223,395
DA:226,426
DA:228,385
DA:230,2
DA:231,2
DA:233,2
DA:237,41
DA:238,41
DA:239,41
DA:241,41
DA:244,86
DA:245,127
DA:247,0
DA:248,0
DA:250,41
DA:252,127
DA:253,127
DA:255,8
DA:256,8
DA:258,8
DA:261,119
DA:263,1
DA:264,1
DA:266,1
DA:273,122
DA:274,122
DA:276,1
DA:277,1
DA:279,121
DA:281,3
DA:282,3
DA:286,118
DA:290,118
DA:292,118
DA:294,118
DA:296,32
DA:297,32
DA:298,32
DA:300,86
DA:302,0
DA:303,0
DA:304,0
LF:123
LH:109
end_of_record
