TN:
SF:/home/orel-shalem/Downloads/Git_Projects/Operating_System_ex2/targil 1/ttt.c
FN:101,116,check_win
FN:118,130,check_tie
FN:132,171,make_move
FN:173,285,main
FN:69,74,is_cell_available
FN:76,99,print_board
FNDA:48,check_win
FNDA:42,check_tie
FNDA:26,make_move
FNDA:10,main
FNDA:29,is_cell_available
FNDA:55,print_board
FNF:6
FNH:6
DA:69,29
DA:71,29
DA:72,29
DA:73,29
DA:76,55
DA:78,55
DA:79,55
DA:81,220
DA:83,660
DA:85,495
DA:86,495
DA:87,495
DA:88,330
DA:89,495
DA:91,165
DA:92,165
DA:93,165
DA:94,110
DA:95,165
DA:97,55
DA:98,55
DA:99,55
DA:101,48
DA:104,185
DA:106,140
DA:107,1
DA:108,139
DA:109,2
DA:111,45
DA:112,0
DA:113,45
DA:114,3
DA:115,42
DA:118,42
DA:121,72
DA:123,205
DA:125,175
DA:126,41
DA:129,1
DA:132,26
DA:134,26
DA:135,26
DA:136,104
DA:138,312
DA:140,234
DA:142,160
DA:147,26
DA:149,86
DA:151,86
DA:152,86
DA:154,26
DA:155,26
DA:160,26
DA:163,26
DA:164,26
DA:165,26
DA:167,26
DA:170,0
DA:173,10
DA:175,10
DA:177,0
DA:178,0
DA:182,10
DA:184,10
DA:185,10
DA:187,1
DA:188,1
DA:191,9
DA:192,81
DA:194,73
DA:195,73
DA:197,1
DA:198,1
DA:200,72
DA:203,71
DA:205,64
DA:207,1
DA:208,1
DA:210,1
DA:214,7
DA:215,7
DA:216,7
DA:218,7
DA:221,19
DA:222,26
DA:224,0
DA:225,0
DA:227,7
DA:229,26
DA:230,26
DA:232,3
DA:233,3
DA:235,3
DA:238,23
DA:240,1
DA:241,1
DA:243,1
DA:250,33
DA:251,33
DA:253,4
DA:254,4
DA:256,29
DA:258,7
DA:259,7
DA:263,22
DA:267,22
DA:269,22
DA:271,22
DA:273,3
DA:274,3
DA:275,3
DA:277,19
DA:279,0
DA:280,0
DA:281,0
LF:115
LH:106
end_of_record
