TN:
SF:/home/orel-shalem/Downloads/Git_Projects/Operating_System_ex2/targil 3.5/mync.c
FN:150,212,run_server_and_client
FN:16,20,error
FN:213,270,run_server
FN:22,58,run_program
FN:274,338,main
FN:61,69,receive_message
FN:72,78,send_message
FN:80,96,handle_chat
FN:98,148,handle_client
FNDA:3,run_server_and_client
FNDA:1,error
FNDA:6,run_server
FNDA:4,run_program
FNDA:9,main
FNDA:0,receive_message
FNDA:0,send_message
FNDA:0,handle_chat
FNDA:8,handle_client
FNF:9
FNH:6
DA:16,1
DA:18,1
DA:19,1
DA:22,4
DA:24,4
DA:26,4
DA:27,0
DA:28,0
DA:33,4
DA:34,4
DA:37,12
DA:38,8
DA:39,8
DA:40,4
DA:43,4
DA:46,4
DA:47,4
DA:48,0
DA:49,0
DA:50,4
DA:51,0
DA:52,0
DA:53,0
DA:56,4
DA:58,4
DA:61,0
DA:63,0
DA:64,0
DA:66,0
DA:68,0
DA:69,0
DA:72,0
DA:74,0
DA:76,0
DA:78,0
DA:80,0
DA:85,0
DA:86,0
DA:87,0
DA:89,0
DA:90,0
DA:92,0
DA:93,0
DA:94,0
DA:96,0
DA:98,8
DA:99,8
DA:100,8
DA:102,8
DA:103,6
DA:105,8
DA:106,2
DA:108,8
DA:109,2
DA:110,2
DA:113,8
DA:114,8
DA:115,8
DA:116,8
DA:117,8
DA:118,8
DA:120,8
DA:121,8
DA:122,4
DA:123,4
DA:125,4
DA:126,2
DA:128,4
DA:129,4
DA:130,4
DA:131,4
DA:133,4
DA:134,4
DA:135,4
DA:137,0
DA:140,0
DA:144,0
DA:147,0
DA:150,3
DA:151,3
DA:152,3
DA:153,0
DA:156,3
DA:157,3
DA:158,0
DA:162,3
DA:163,3
DA:164,3
DA:165,3
DA:167,3
DA:168,0
DA:171,3
DA:172,0
DA:175,3
DA:177,3
DA:178,3
DA:179,0
DA:183,3
DA:184,3
DA:185,3
DA:187,3
DA:188,3
DA:189,0
DA:192,3
DA:194,3
DA:195,1
DA:197,2
DA:199,2
DA:200,2
DA:201,2
DA:202,0
DA:205,2
DA:207,2
DA:209,1
DA:210,1
DA:211,1
DA:212,1
DA:213,6
DA:214,6
DA:215,6
DA:216,0
DA:219,6
DA:220,6
DA:221,0
DA:225,6
DA:226,6
DA:227,6
DA:228,6
DA:230,6
DA:231,0
DA:234,6
DA:235,0
DA:238,6
DA:240,0
DA:242,6
DA:243,6
DA:244,6
DA:245,0
DA:248,6
DA:250,6
DA:252,3
DA:253,3
DA:254,3
DA:255,3
DA:256,0
DA:257,0
DA:259,0
DA:262,0
DA:264,0
DA:265,0
DA:269,3
DA:270,3
DA:274,9
DA:276,9
DA:277,9
DA:278,9
DA:279,9
DA:280,9
DA:283,9
DA:284,0
DA:287,29
DA:288,20
DA:289,8
DA:290,8
DA:291,8
DA:292,7
DA:293,7
DA:294,7
DA:295,7
DA:297,7
DA:298,3
DA:299,3
DA:300,3
DA:301,3
DA:303,3
DA:304,2
DA:305,2
DA:306,2
DA:307,2
DA:309,2
DA:310,0
DA:311,0
DA:317,9
DA:318,0
DA:321,10
DA:322,3
DA:323,3
DA:324,3
DA:325,3
DA:326,0
DA:328,3
DA:329,3
DA:330,6
DA:331,6
DA:332,6
DA:334,0
DA:337,4
LF:197
LH:141
end_of_record
TN:
SF:/home/orel-shalem/Downloads/Git_Projects/Operating_System_ex2/targil 3.5/ttt.c
FN:101,116,check_win
FN:118,130,check_tie
FN:132,194,make_move
FN:196,308,main
FN:69,74,is_cell_available
FN:76,99,print_board
FNDA:61,check_win
FNDA:51,check_tie
FNDA:31,make_move
FNDA:10,main
FNDA:30,is_cell_available
FNDA:71,print_board
FNF:6
FNH:6
DA:69,30
DA:71,30
DA:72,30
DA:73,30
DA:76,71
DA:78,71
DA:79,71
DA:81,284
DA:83,852
DA:85,639
DA:86,639
DA:87,639
DA:88,426
DA:89,639
DA:91,213
DA:92,213
DA:93,213
DA:94,142
DA:95,213
DA:97,71
DA:98,71
DA:99,71
DA:101,61
DA:104,223
DA:106,172
DA:107,0
DA:108,172
DA:109,10
DA:111,51
DA:112,0
DA:113,51
DA:114,0
DA:115,51
DA:118,51
DA:121,83
DA:123,229
DA:125,197
DA:126,51
DA:129,0
DA:132,31
DA:134,31
DA:135,31
DA:136,124
DA:138,372
DA:140,279
DA:142,213
DA:147,31
DA:149,87
DA:151,87
DA:152,87
DA:154,31
DA:155,31
DA:160,31
DA:162,0
DA:163,0
DA:165,0
DA:167,0
DA:168,0
DA:172,0
DA:179,0
DA:183,31
DA:186,31
DA:187,31
DA:188,31
DA:190,31
DA:193,0
DA:196,10
DA:198,10
DA:200,0
DA:201,0
DA:205,10
DA:207,10
DA:208,10
DA:210,0
DA:211,0
DA:214,10
DA:215,100
DA:217,90
DA:218,90
DA:220,0
DA:221,0
DA:223,90
DA:226,100
DA:228,90
DA:230,0
DA:231,0
DA:233,0
DA:237,10
DA:238,10
DA:239,10
DA:241,10
DA:244,21
DA:245,31
DA:247,0
DA:248,0
DA:250,10
DA:252,31
DA:253,31
DA:255,1
DA:256,1
DA:258,1
DA:261,30
DA:263,0
DA:264,0
DA:266,0
DA:273,30
DA:274,30
DA:276,0
DA:277,0
DA:279,30
DA:281,0
DA:282,0
DA:286,30
DA:290,30
DA:292,30
DA:294,30
DA:296,9
DA:297,9
DA:298,9
DA:300,21
DA:302,0
DA:303,0
DA:304,0
LF:123
LH:90
end_of_record
