TN:
SF:/home/orel-shalem/Downloads/Git_Projects/Operating_System_ex2/targil 2/mync.c
FN:18,82,main
FNDA:5,main
FNF:1
FNH:1
DA:18,5
DA:19,5
DA:20,1
DA:21,1
DA:24,4
DA:25,4
DA:30,4
DA:31,0
DA:32,0
DA:36,4
DA:37,4
DA:38,0
DA:39,0
DA:42,4
DA:46,1
DA:47,0
DA:48,0
DA:52,1
DA:53,1
DA:56,1
DA:57,1
DA:58,1
DA:63,3
DA:68,18
DA:69,15
DA:70,15
DA:74,3
DA:78,3
DA:81,3
LF:29
LH:23
end_of_record
TN:
SF:/home/orel-shalem/Downloads/Git_Projects/Operating_System_ex2/targil 2/ttt.c
FN:101,116,check_win
FN:118,130,check_tie
FN:132,171,make_move
FN:173,285,main
FN:69,74,is_cell_available
FN:76,99,print_board
FNDA:7,check_win
FNDA:6,check_tie
FNDA:4,make_move
FNDA:2,main
FNDA:6,is_cell_available
FNDA:8,print_board
FNF:6
FNH:6
DA:69,6
DA:71,6
DA:72,6
DA:73,6
DA:76,8
DA:78,8
DA:79,8
DA:81,32
DA:83,96
DA:85,72
DA:86,72
DA:87,72
DA:88,48
DA:89,72
DA:91,24
DA:92,24
DA:93,24
DA:94,16
DA:95,24
DA:97,8
DA:98,8
DA:99,8
DA:101,7
DA:104,28
DA:106,21
DA:107,0
DA:108,21
DA:109,0
DA:111,7
DA:112,0
DA:113,7
DA:114,1
DA:115,6
DA:118,6
DA:121,11
DA:123,32
DA:125,27
DA:126,6
DA:129,0
DA:132,4
DA:134,4
DA:135,4
DA:136,16
DA:138,48
DA:140,36
DA:142,24
DA:147,4
DA:149,16
DA:151,16
DA:152,16
DA:154,4
DA:155,4
DA:160,4
DA:163,4
DA:164,4
DA:165,4
DA:167,4
DA:170,0
DA:173,2
DA:175,2
DA:177,0
DA:178,0
DA:182,2
DA:184,2
DA:185,2
DA:187,1
DA:188,1
DA:191,1
DA:192,10
DA:194,9
DA:195,9
DA:197,0
DA:198,0
DA:200,9
DA:203,10
DA:205,9
DA:207,0
DA:208,0
DA:210,0
DA:214,1
DA:215,1
DA:216,1
DA:218,1
DA:221,3
DA:222,4
DA:224,0
DA:225,0
DA:227,1
DA:229,4
DA:230,4
DA:232,1
DA:233,1
DA:235,1
DA:238,3
DA:240,0
DA:241,0
DA:243,0
DA:250,6
DA:251,6
DA:253,0
DA:254,0
DA:256,6
DA:258,3
DA:259,3
DA:263,3
DA:267,3
DA:269,3
DA:271,3
DA:273,0
DA:274,0
DA:275,0
DA:277,3
DA:279,0
DA:280,0
DA:281,0
LF:115
LH:90
end_of_record
