TN:
SF:/home/orel-shalem/Downloads/Git_Projects/Operating_System_ex2/targil 4/mync.c
FN:111,178,handle_client
FN:17,21,error
FN:180,251,run_server_and_client
FN:23,68,run_program
FN:253,325,run_udp_server_tcp_client
FN:326,396,run_server
FN:398,432,run_client
FN:433,487,run_udp_server
FN:489,520,run_udp_client
FN:522,623,main
FN:71,79,receive_message
FN:82,88,send_message
FN:90,109,handle_chat
FNDA:4,handle_client
FNDA:3,error
FNDA:5,run_server_and_client
FNDA:11,run_program
FNDA:0,run_udp_server_tcp_client
FNDA:2,run_server
FNDA:0,run_client
FNDA:0,run_udp_server
FNDA:0,run_udp_client
FNDA:7,main
FNDA:0,receive_message
FNDA:0,send_message
FNDA:0,handle_chat
FNF:13
FNH:6
DA:17,3
DA:19,3
DA:20,3
DA:23,11
DA:26,11
DA:28,11
DA:30,0
DA:31,0
DA:36,11
DA:37,11
DA:40,33
DA:42,22
DA:43,22
DA:45,11
DA:48,11
DA:51,11
DA:52,23
DA:54,0
DA:55,0
DA:57,23
DA:59,12
DA:60,12
DA:61,0
DA:66,11
DA:68,11
DA:71,0
DA:73,0
DA:74,0
DA:76,0
DA:78,0
DA:79,0
DA:82,0
DA:84,0
DA:86,0
DA:88,0
DA:90,0
DA:97,0
DA:98,0
DA:100,0
DA:102,0
DA:103,0
DA:105,0
DA:106,0
DA:107,0
DA:109,0
DA:111,4
DA:113,4
DA:114,4
DA:116,4
DA:118,3
DA:120,4
DA:122,2
DA:124,4
DA:126,1
DA:127,1
DA:130,4
DA:132,4
DA:133,4
DA:134,4
DA:135,4
DA:136,4
DA:138,4
DA:139,15
DA:141,11
DA:143,11
DA:145,11
DA:147,5
DA:149,11
DA:150,11
DA:151,11
DA:153,4
DA:156,4
DA:157,4
DA:159,4
DA:163,0
DA:168,0
DA:174,0
DA:177,0
DA:180,5
DA:182,5
DA:183,5
DA:185,0
DA:188,5
DA:189,5
DA:191,0
DA:195,5
DA:196,5
DA:197,5
DA:198,5
DA:200,5
DA:202,0
DA:205,5
DA:207,0
DA:210,5
DA:212,5
DA:213,5
DA:215,0
DA:219,5
DA:220,5
DA:221,5
DA:223,5
DA:224,5
DA:226,1
DA:229,4
DA:231,4
DA:233,2
DA:235,2
DA:237,2
DA:238,2
DA:239,2
DA:241,0
DA:244,2
DA:246,2
DA:248,2
DA:249,2
DA:250,2
DA:251,2
DA:253,0
DA:255,0
DA:256,0
DA:258,0
DA:261,0
DA:262,0
DA:264,0
DA:268,0
DA:269,0
DA:270,0
DA:271,0
DA:273,0
DA:275,0
DA:278,0
DA:280,0
DA:281,0
DA:283,0
DA:287,0
DA:288,0
DA:289,0
DA:291,0
DA:292,0
DA:294,0
DA:297,0
DA:299,0
DA:301,0
DA:304,0
DA:308,0
DA:311,0
DA:312,0
DA:314,0
DA:315,0
DA:317,0
DA:320,0
DA:326,2
DA:328,2
DA:329,2
DA:331,0
DA:334,2
DA:335,2
DA:337,0
DA:341,2
DA:342,2
DA:343,2
DA:344,2
DA:346,2
DA:348,0
DA:351,2
DA:353,0
DA:356,2
DA:359,0
DA:361,2
DA:362,2
DA:363,2
DA:365,0
DA:368,2
DA:370,2
DA:372,2
DA:374,2
DA:375,2
DA:376,2
DA:378,0
DA:380,0
DA:384,0
DA:387,0
DA:389,0
DA:391,0
DA:395,2
DA:396,2
DA:398,0
DA:400,0
DA:401,0
DA:403,0
DA:406,0
DA:407,0
DA:409,0
DA:413,0
DA:414,0
DA:415,0
DA:417,0
DA:419,0
DA:422,0
DA:424,0
DA:427,0
DA:429,0
DA:431,0
DA:432,0
DA:433,0
DA:435,0
DA:436,0
DA:438,0
DA:441,0
DA:442,0
DA:444,0
DA:448,0
DA:449,0
DA:450,0
DA:451,0
DA:453,0
DA:455,0
DA:458,0
DA:462,0
DA:465,0
DA:466,0
DA:468,0
DA:469,0
DA:471,0
DA:473,0
DA:477,0
DA:481,0
DA:482,0
DA:483,0
DA:486,0
DA:487,0
DA:489,0
DA:491,0
DA:492,0
DA:494,0
DA:497,0
DA:498,0
DA:500,0
DA:504,0
DA:505,0
DA:506,0
DA:508,0
DA:510,0
DA:513,0
DA:515,0
DA:516,0
DA:517,0
DA:519,0
DA:520,0
DA:522,7
DA:525,7
DA:526,7
DA:527,7
DA:528,7
DA:529,7
DA:530,7
DA:531,7
DA:533,25
DA:535,18
DA:537,6
DA:538,6
DA:539,6
DA:540,6
DA:541,6
DA:542,6
DA:544,6
DA:546,0
DA:548,0
DA:550,6
DA:551,5
DA:552,5
DA:553,5
DA:554,1
DA:555,1
DA:556,1
DA:558,1
DA:560,1
DA:561,0
DA:562,0
DA:563,0
DA:564,0
DA:565,0
DA:574,9
DA:575,5
DA:576,5
DA:577,5
DA:578,5
DA:579,0
DA:581,5
DA:582,5
DA:584,2
DA:585,0
DA:586,0
DA:587,0
DA:588,0
DA:589,0
DA:591,0
DA:592,0
DA:594,2
DA:596,2
DA:597,2
DA:599,0
DA:601,0
DA:602,0
DA:604,0
DA:606,0
DA:607,0
DA:608,0
DA:610,0
DA:614,0
DA:619,0
DA:622,4
LF:312
LH:143
end_of_record
TN:
SF:/home/orel-shalem/Downloads/Git_Projects/Operating_System_ex2/targil 4/ttt.c
FN:101,116,check_win
FN:118,130,check_tie
FN:132,194,make_move
FN:196,308,main
FN:69,74,is_cell_available
FN:76,99,print_board
FNDA:81,check_win
FNDA:66,check_tie
FNDA:46,make_move
FNDA:15,main
FNDA:37,is_cell_available
FNDA:96,print_board
FNF:6
FNH:6
DA:69,37
DA:71,37
DA:72,37
DA:73,37
DA:76,96
DA:78,96
DA:79,96
DA:81,384
DA:83,1152
DA:85,864
DA:86,864
DA:87,864
DA:88,576
DA:89,864
DA:91,288
DA:92,288
DA:93,288
DA:94,192
DA:95,288
DA:97,96
DA:98,96
DA:99,96
DA:101,81
DA:104,286
DA:106,219
DA:107,10
DA:108,209
DA:109,4
DA:111,67
DA:112,0
DA:113,67
DA:114,1
DA:115,66
DA:118,66
DA:121,83
DA:123,220
DA:125,203
DA:126,66
DA:129,0
DA:132,46
DA:134,46
DA:135,46
DA:136,184
DA:138,552
DA:140,414
DA:142,318
DA:147,46
DA:149,108
DA:151,108
DA:152,108
DA:154,46
DA:155,46
DA:160,46
DA:162,0
DA:163,0
DA:165,0
DA:167,0
DA:168,0
DA:172,0
DA:179,0
DA:183,46
DA:186,46
DA:187,46
DA:188,46
DA:190,46
DA:193,0
DA:196,15
DA:198,15
DA:200,0
DA:201,0
DA:205,15
DA:207,15
DA:208,15
DA:210,0
DA:211,0
DA:214,15
DA:215,150
DA:217,135
DA:218,135
DA:220,0
DA:221,0
DA:223,135
DA:226,150
DA:228,135
DA:230,0
DA:231,0
DA:233,0
DA:237,15
DA:238,15
DA:239,15
DA:241,15
DA:244,31
DA:245,46
DA:247,0
DA:248,0
DA:250,15
DA:252,46
DA:253,46
DA:255,11
DA:256,11
DA:258,11
DA:261,35
DA:263,0
DA:264,0
DA:266,0
DA:273,38
DA:274,38
DA:276,1
DA:277,1
DA:279,37
DA:281,2
DA:282,2
DA:286,35
DA:290,35
DA:292,35
DA:294,35
DA:296,4
DA:297,4
DA:298,4
DA:300,31
DA:302,0
DA:303,0
DA:304,0
LF:123
LH:96
end_of_record
